  Mesh.cpp
C:\Users\titmi\OneDrive\Desktop\LearnOpenGL\LearnOpenGL\src\Mesh.cpp(29,88): warning C4267: 'argument': conversion from 'size_t' to 'GLuint', possible loss of data
C:\Users\titmi\OneDrive\Desktop\LearnOpenGL\LearnOpenGL\src\Mesh.cpp(34,65): warning C4267: 'argument': conversion from 'size_t' to 'GLsizei', possible loss of data
  Camera.cpp
  EBO.cpp
  Engine.cpp
C:\Users\titmi\OneDrive\Desktop\LearnOpenGL\LearnOpenGL\src\Engine.cpp(6,32): warning C4244: '=': conversion from 'double' to 'float', possible loss of data
C:\Users\titmi\OneDrive\Desktop\LearnOpenGL\LearnOpenGL\src\Engine.cpp(7,18): warning C4244: '=': conversion from 'double' to 'float', possible loss of data
  Texture.cpp
  VAO.cpp
C:\Users\titmi\OneDrive\Desktop\LearnOpenGL\LearnOpenGL\src\VAO.cpp(11,63): warning C4244: 'argument': conversion from 'GLsizeiptr' to 'GLsizei', possible loss of data
  VBO.cpp
  handleFiles.cpp
  handleShader.cpp
  main.cpp
C:\Users\titmi\OneDrive\Desktop\LearnOpenGL\LearnOpenGL\src\main.cpp(6,36): warning C4244: 'initializing': conversion from 'T' to 'float', possible loss of data
          with
          [
              T=glm::uint
          ]
C:\Users\titmi\OneDrive\Desktop\LearnOpenGL\LearnOpenGL\src\main.cpp(6,27): warning C4244: 'initializing': conversion from 'T' to 'const float', possible loss of data
          with
          [
              T=glm::uint
          ]
  shaderClass.cpp
  stb.cpp
  Generating Code...
  glad.c
LINK : warning LNK4098: defaultlib 'MSVCRT' conflicts with use of other libs; use /NODEFAULTLIB:library
  LearnOpenGL.vcxproj -> C:\Users\titmi\OneDrive\Desktop\LearnOpenGL\bin\Debug-windows-x86_64\LearnOpenGL\LearnOpenGL.exe
